<?xml version="1.0" encoding="UTF-8"?>
<testsuite xmlns:xsi="http://www.w3.org/2001/XMLSchema-instance" xsi:noNamespaceSchemaLocation="https://maven.apache.org/surefire/maven-surefire-plugin/xsd/surefire-test-report-3.0.xsd" version="3.0" name="com.leave.engine.utils.AnimationUtilsTest" time="0.179" tests="1" errors="1" skipped="0" failures="0">
  <properties>
[...]
</properties>
  <testcase name="" classname="com.leave.engine.utils.AnimationUtilsTest" time="0.179">
    <error message="Unable to open DISPLAY" type="java.lang.UnsupportedOperationException"><![CDATA[java.lang.UnsupportedOperationException: Unable to open DISPLAY
	at javafx.graphics/com.sun.glass.ui.gtk.GtkApplication.lambda$new$6(GtkApplication.java:181)
	at java.base/java.security.AccessController.doPrivileged(AccessController.java:318)
	at javafx.graphics/com.sun.glass.ui.gtk.GtkApplication.<init>(GtkApplication.java:179)
	at javafx.graphics/com.sun.glass.ui.gtk.GtkPlatformFactory.createApplication(GtkPlatformFactory.java:41)
	at javafx.graphics/com.sun.glass.ui.Application.run(Application.java:146)
	at javafx.graphics/com.sun.javafx.tk.quantum.QuantumToolkit.startup(QuantumToolkit.java:291)
	at javafx.graphics/com.sun.javafx.application.PlatformImpl.startup(PlatformImpl.java:293)
	at javafx.graphics/javafx.application.Platform.startup(Platform.java:113)
	at com.leave.engine@17/com.leave.engine.utils.AnimationUtilsTest.initJavaFX(AnimationUtilsTest.java:33)
	at java.base/java.lang.reflect.Method.invoke(Method.java:569)
	at java.base/java.util.ArrayList.forEach(ArrayList.java:1511)
]]></error>
  </testcase>
</testsuite>