<?xml version="1.0" encoding="UTF-8"?>
<testsuite xmlns:xsi="http://www.w3.org/2001/XMLSchema-instance" xsi:noNamespaceSchemaLocation="https://maven.apache.org/surefire/maven-surefire-plugin/xsd/surefire-test-report-3.0.xsd" version="3.0" name="com.leave.engine.utils.AnimationUtilsTest" time="1.287" tests="3" errors="0" skipped="0" failures="0">
  <properties>
[...]
</properties>
  <testcase name="testCreatePauseTransition" classname="com.leave.engine.utils.AnimationUtilsTest" time="0.085">
    <system-out><![CDATA[JavaFX Toolkit initialized for tests.
]]></system-out>
  </testcase>
  <testcase name="testCreateFadeTransition_withNullNode" classname="com.leave.engine.utils.AnimationUtilsTest" time="0.005">
    <system-err><![CDATA[Warning: Attempted to create FadeTransition for nothing.
]]></system-err>
  </testcase>
  <testcase name="testCreateFadeTransition_withValidNode" classname="com.leave.engine.utils.AnimationUtilsTest" time="0.062"/>
</testsuite>